-------------------------------------------------------------------------------
Test set: com.studentapp.tests.editStudent.EditStudentTest
-------------------------------------------------------------------------------
Tests run: 1, Failures: 1, Errors: 0, Skipped: 0, Time elapsed: 2.047 s <<< FAILURE! - in com.studentapp.tests.editStudent.EditStudentTest
com.studentapp.tests.editStudent.EditStudentTest.validateUpdateExistingStudentSuccessfully  Time elapsed: 2.047 s  <<< FAILURE!
java.lang.AssertionError: 
1 expectation failed.
Expected status code <200> but was <404>.

	at rest.assure.serenity@1.0-SNAPSHOT/com.studentapp.tests.editStudent.EditStudentTest.validateUpdateExistingStudentSuccessfully(EditStudentTest.java:64)

