<?xml version="1.0" encoding="UTF-8"?>
<testsuite xmlns:xsi="http://www.w3.org/2001/XMLSchema-instance" xsi:noNamespaceSchemaLocation="https://maven.apache.org/surefire/maven-failsafe-plugin/xsd/failsafe-test-report-3.0.xsd" version="3.0" name="com.studentapp.tests.deleteStudent.DeleteStudentTest" time="11.079" tests="1" errors="0" skipped="0" failures="0">
  <properties>
[...]
</properties>
  <testcase name="validateDeleteExistingStudentSuccessfully" classname="com.studentapp.tests.deleteStudent.DeleteStudentTest" time="11.079">
    <system-out><![CDATA[[main] INFO  - 

-------------------------------------------------------------------------------------
     _______. _______ .______       _______ .__   __.  __  .___________.____    ____ 
    /       ||   ____||   _  \     |   ____||  \ |  | |  | |           |\   \  /   / 
   |   (----`|  |__   |  |_)  |    |  |__   |   \|  | |  | `---|  |----` \   \/   /  
    \   \    |   __|  |      /     |   __|  |  . `  | |  |     |  |       \_    _/   
.----)   |   |  |____ |  |\  \----.|  |____ |  |\   | |  |     |  |         |  |     
|_______/    |_______|| _| `._____||_______||__| \__| |__|     |__|         |__|    
                                                                                     
 News and tutorials at http://www.serenity-bdd.info                                  
 Documentation at https://wakaleo.gitbooks.io/the-serenity-book/content/             
 Join the Serenity Community on Gitter: https://gitter.im/serenity-bdd/serenity-core 
 Serenity BDD Support and Training at http://serenity-bdd.info/#/trainingandsupport  
-------------------------------------------------------------------------------------

[pool-2-thread-1] INFO  - 
  _____   ___   ___   _____     ___     _     ___   ___   ___   ___  
 |_   _| | __| / __| |_   _|   | _ \   /_\   / __| / __| | __| |   \ 
   | |   | _|  \__ \   | |     |  _/  / _ \  \__ \ \__ \ | _|  | |) |
   |_|   |___| |___/   |_|     |_|   /_/ \_\ |___/ |___/ |___| |___/ 

Validate that user can delete an existing student
----------------------------------------------------------------------
[pool-2-thread-1] INFO net.thucydides.core.reports.ReportService - net.thucydides.core.reports.json.JSONTestOutcomeReporter@6c8a68c1: Generating report for test outcome: Delete student test:validateDeleteExistingStudentSuccessfully
[pool-3-thread-1] INFO net.thucydides.core.reports.ReportService - net.thucydides.core.reports.html.HtmlAcceptanceTestReporter@afb5821: Generating report for test outcome: Delete student test:validateDeleteExistingStudentSuccessfully
Request method:	POST
Request URI:	http://localhost:8081/student/
Proxy:			<none>
Request params:	<none>
Query params:	<none>
Form params:	<none>
Path params:	<none>
Headers:		Accept=*/*
				Content-Type=application/json; charset=UTF-8
Cookies:		<none>
Multiparts:		<none>
Body:
{
    "id": 0,
    "firstName": "Karson",
    "lastName": "Tran",
    "email": "KarsonTran_44450@gmail.com",
    "programme": "ComputerScience",
    "courses": [
        "JAVA",
        "Selenium"
    ]
}
HTTP/1.1 201 
Location: http://localhost:8081/student/0
Content-Type: application/json;charset=UTF-8
Transfer-Encoding: chunked
Date: Sat, 10 Jul 2021 14:43:45 GMT

{
    "msg": "Student added"
}
Request method:	GET
Request URI:	http://localhost:8081/student/list
Proxy:			<none>
Request params:	<none>
Query params:	<none>
Form params:	<none>
Path params:	<none>
Headers:		Accept=*/*
Cookies:		<none>
Multiparts:		<none>
Body:			<none>
HTTP/1.1 200 
Content-Type: application/json;charset=UTF-8
Transfer-Encoding: chunked
Date: Sat, 10 Jul 2021 14:43:45 GMT

[
    {
        "id": 1,
        "firstName": "Vernon",
        "lastName": "Harper",
        "email": "egestas.rhoncus.Proin@massaQuisqueporttitor.org",
        "programme": "Financial Analysis",
        "courses": [
            "Accounting",
            "Statistics"
        ]
    },
    {
        "id": 2,
        "firstName": "Murphy",
        "lastName": "Holmes",
        "email": "faucibus.orci.luctus@Duisac.net",
        "programme": "Financial Analysis",
        "courses": [
            "Accounting",
            "Statistics"
        ]
    },
    {
        "id": 3,
        "firstName": "Reece",
        "lastName": "Jason",
        "email": "tincidunt.dui@ultricessit.co.uk",
        "programme": "Computer Science",
        "courses": [
            "Calculus",
            "Algorithms",
            "Software Development",
            "Ethics"
        ]
    },
    {
        "id": 4,
        "firstName": "Orson",
        "lastName": "Armando",
        "email": "nascetur@conguea.com",
        "programme": "Computer Science",
        "courses": [
            "Calculus",
            "Algorithms",
            "Software Development",
            "Ethics"
        ]
    },
    {
        "id": 5,
        "firstName": "Cullen",
        "lastName": "Craig",
        "email": "imperdiet.ullamcorper@nonenimMauris.co.uk",
        "programme": "Disaster Management",
        "courses": [
            "Disaster Preparedness"
        ]
    },
    {
        "id": 6,
        "firstName": "Harper",
        "lastName": "Rashad",
        "email": "vestibulum@ridiculusmus.edu",
        "programme": "Disaster Management",
        "courses": [
            "Disaster Preparedness"
        ]
    },
    {
        "id": 7,
        "firstName": "Roth",
        "lastName": "Grant",
        "email": "eu.tellus@anuncIn.edu",
        "programme": "Mechanical Engineering",
        "courses": [
            "Machine Element Design",
            "Engineering Analysis I",
            "Calculus & Linear Algebra I "
        ]
    },
    {
        "id": 8,
        "firstName": "Jermaine",
        "lastName": "Alden",
        "email": "scelerisque.sed@senectuset.org",
        "programme": "Law",
        "courses": [
            "Criminal Law",
            "Constitutional Law",
            "Property Law",
            "Contracts"
        ]
    },
    {
        "id": 9,
        "firstName": "Sebastian",
        "lastName": "Jesse",
        "email": "faucibus@sed.co.uk",
        "programme": "Medicine",
        "courses": [
            "Anatomy",
            "Biochemistry",
            "Genetics",
            "Human Behavior."
        ]
    },
    {
        "id": 10,
        "firstName": "Todd",
        "lastName": "Beck",
        "email": "Fusce.dolor.quam@commodoauctor.org",
        "programme": "Financial Analysis",
        "courses": [
            "Accounting",
            "Statistics"
        ]
    },
    {
        "id": 11,
        "firstName": "Giacomo",
        "lastName": "Raphael",
        "email": "magnis.dis@idmagnaet.com",
        "programme": "Medicine",
        "courses": [
            "Anatomy",
            "Biochemistry",
            "Genetics",
            "Human Behavior."
        ]
    },
    {
        "id": 12,
        "firstName": "Chadwick",
        "lastName": "Lawrence",
        "email": "turpis.non.enim@sociisnatoque.com",
        "programme": "Criminology",
        "courses": [
            "Criminal Mind",
            "Gender, Crime and Justice ",
            "Philosophy of Law "
        ]
    },
    {
        "id": 13,
        "firstName": "Zachary",
        "lastName": "Vance",
        "email": "In.tincidunt.congue@Quisque.com",
        "programme": "Criminology",
        "courses": [
            "Criminal Mind",
            "Gender, Crime and Justice ",
            "Philosophy of Law "
        ]
    },
    {
        "id": 14,
        "firstName": "Denton",
        "lastName": "Walker",
        "email": "Integer.sem@iaculisodioNam.edu",
        "programme": "Mechanical Engineering",
        "courses": [
            "Machine Element Design",
            "Engineering Analysis I",
            "Calculus & Linear Algebra I "
        ]
    },
    {
        "id": 15,
        "firstName": "Hakeem",
        "lastName": "Fitzgerald",
        "email": "accumsan@luctuset.edu",
        "programme": "Financial Analysis",
        "courses": [
            "Accounting",
            "Statistics"
        ]
    },
    {
        "id": 16,
        "firstName": "Jakeem",
        "lastName": "Philip",
        "email": "montes.nascetur.ridiculus@loremDonec.com",
        "programme": "Mechanical Engineering",
        "courses": [
            "Machine Element Design",
            "Engineering Analysis I",
            "Calculus & Linear Algebra I "
        ]
    },
    {
        "id": 17,
        "firstName": "Amal",
        "lastName": "Emery",
        "email": "turpis.egestas.Aliquam@fermentum.net",
        "programme": "Computer Science",
        "courses": [
            "Calculus",
            "Algorithms",
            "Software Development",
            "Ethics"
        ]
    },
    {
        "id": 18,
        "firstName": "Reed",
        "lastName": "Wylie",
        "email": "Suspendisse.aliquet.sem@atrisus.org",
        "programme": "Medicine",
        "courses": [
            "Anatomy",
            "Biochemistry",
            "Genetics",
            "Human Behavior."
        ]
    },
    {
        "id": 19,
        "firstName": "Lev",
        "lastName": "Philip",
        "email": "dolor.elit.pellentesque@enimEtiamimperdiet.ca",
        "programme": "Computer Science",
        "courses": [
            "Calculus",
            "Algorithms",
            "Software Development",
            "Ethics"
        ]
    },
    {
        "id": 20,
        "firstName": "Lamar",
        "lastName": "Berk",
        "email": "leo.Vivamus@sit.org",
        "programme": "Medicine",
        "courses": [
            "Anatomy",
            "Biochemistry",
            "Genetics",
            "Human Behavior."
        ]
    },
    {
        "id": 21,
        "firstName": "Nathaniel",
        "lastName": "Colton",
        "email": "hendrerit@et.co.uk",
        "programme": "Medicine",
        "courses": [
            "Anatomy",
            "Biochemistry",
            "Genetics",
            "Human Behavior."
        ]
    },
    {
        "id": 22,
        "firstName": "Kennan",
        "lastName": "Jacob",
        "email": "vel.vulputate@vitaedolorDonec.ca",
        "programme": "Financial Analysis",
        "courses": [
            "Accounting",
            "Statistics"
        ]
    },
    {
        "id": 23,
        "firstName": "Omar",
        "lastName": "Colt",
        "email": "venenatis.a@Pellentesque.co.uk",
        "programme": "Mechanical Engineering",
        "courses": [
            "Machine Element Design",
            "Engineering Analysis I",
            "Calculus & Linear Algebra I "
        ]
    },
    {
        "id": 24,
        "firstName": "Tanek",
        "lastName": "Scott",
        "email": "Sed.malesuada@porttitoreros.ca",
        "programme": "Criminology",
        "courses": [
            "Criminal Mind",
            "Gender, Crime and Justice ",
            "Philosophy of Law "
        ]
    },
    {
        "id": 25,
        "firstName": "Paki",
        "lastName": "Samson",
        "email": "ornare@Mauriseuturpis.edu",
        "programme": "Law",
        "courses": [
            "Criminal Law",
            "Constitutional Law",
            "Property Law",
            "Contracts"
        ]
    },
    {
        "id": 26,
        "firstName": "James",
        "lastName": "Jonah",
        "email": "Nullam@Cras.net",
        "programme": "Mechanical Engineering",
        "courses": [
            "Machine Element Design",
            "Engineering Analysis I",
            "Calculus & Linear Algebra I "
        ]
    },
    {
        "id": 27,
        "firstName": "Cade",
        "lastName": "Vernon",
        "email": "pharetra.sed@Aliquamvulputateullamcorper.ca",
        "programme": "Mechanical Engineering",
        "courses": [
            "Machine Element Design",
            "Engineering Analysis I",
            "Calculus & Linear Algebra I "
        ]
    },
    {
        "id": 28,
        "firstName": "Quentin",
        "lastName": "Chadwick",
        "email": "sed.turpis.nec@risusQuisque.ca",
        "programme": "Mechanical Engineering",
        "courses": [
            "Machine Element Design",
            "Engineering Analysis I",
            "Calculus & Linear Algebra I "
        ]
    },
    {
        "id": 29,
        "firstName": "Arden",
        "lastName": "Abel",
        "email": "consequat.enim@ultricessit.com",
        "programme": "Law",
        "courses": [
            "Criminal Law",
            "Constitutional Law",
            "Property Law",
            "Contracts"
        ]
    },
    {
        "id": 30,
        "firstName": "Lars",
        "lastName": "Keith",
        "email": "Fusce@Quisquefringillaeuismod.org",
        "programme": "Medicine",
        "courses": [
            "Anatomy",
            "Biochemistry",
            "Genetics",
            "Human Behavior."
        ]
    },
    {
        "id": 31,
        "firstName": "Emmanuel",
        "lastName": "Gavin",
        "email": "ornare.libero@perinceptoshymenaeos.co.uk",
        "programme": "Criminology",
        "courses": [
            "Criminal Mind",
            "Gender, Crime and Justice ",
            "Philosophy of Law "
        ]
    },
    {
        "id": 32,
        "firstName": "Noah",
        "lastName": "Oren",
        "email": "Proin.vel@placerat.org",
        "programme": "Law",
        "courses": [
            "Criminal Law",
            "Constitutional Law",
            "Property Law",
            "Contracts"
        ]
    },
    {
        "id": 33,
        "firstName": "Mason",
        "lastName": "Barry",
        "email": "id@incursus.co.uk",
        "programme": "Law",
        "courses": [
            "Criminal Law",
            "Constitutional Law",
            "Property Law",
            "Contracts"
        ]
    },
    {
        "id": 34,
        "firstName": "Elliott",
        "lastName": "Brady",
        "email": "Vestibulum@adlitora.net",
        "programme": "Law",
        "courses": [
            "Criminal Law",
            "Constitutional Law",
            "Property Law",
            "Contracts"
        ]
    },
    {
        "id": 35,
        "firstName": "Nero",
        "lastName": "Brett",
        "email": "amet.ante@sit.com",
        "programme": "Disaster Management",
        "courses": [
            "Disaster Preparedness"
        ]
    },
    {
        "id": 36,
        "firstName": "Elvis",
        "lastName": "Abraham",
        "email": "neque@interdumfeugiat.net",
        "programme": "Disaster Management",
        "courses": [
            "Disaster Preparedness"
        ]
    },
    {
        "id": 37,
        "firstName": "Kieran",
        "lastName": "Ross",
        "email": "magnis.dis.parturient@laciniaorci.edu",
        "programme": "Disaster Management",
        "courses": [
            "Disaster Preparedness"
        ]
    },
    {
        "id": 38,
        "firstName": "Noah",
        "lastName": "Merrill",
        "email": "et@ipsum.net",
        "programme": "Medicine",
        "courses": [
            "Anatomy",
            "Biochemistry",
            "Genetics",
            "Human Behavior."
        ]
    },
    {
        "id": 39,
        "firstName": "Peter",
        "lastName": "Noble",
        "email": "turpis@sagittisplaceratCras.ca",
        "programme": "Computer Science",
        "courses": [
            "Calculus",
            "Algorithms",
            "Software Development",
            "Ethics"
        ]
    },
    {
        "id": 40,
        "firstName": "Axel",
        "lastName": "Bradley",
        "email": "ridiculus.mus@tempus.net",
        "programme": "Mechanical Engineering",
        "courses": [
            "Machine Element Design",
            "Engineering Analysis I",
            "Calculus & Linear Algebra I "
        ]
    },
    {
        "id": 41,
        "firstName": "Hashim",
        "lastName": "Chancellor",
        "email": "at.pretium@eleifendvitae.net",
        "programme": "Medicine",
        "courses": [
            "Anatomy",
            "Biochemistry",
            "Genetics",
            "Human Behavior."
        ]
    },
    {
        "id": 42,
        "firstName": "Alan",
        "lastName": "Connor",
        "email": "vel.turpis.Aliquam@metus.org",
        "programme": "Mechanical Engineering",
        "courses": [
            "Machine Element Design",
            "Engineering Analysis I",
            "Calculus & Linear Algebra I "
        ]
    },
    {
        "id": 43,
        "firstName": "Abel",
        "lastName": "Rudyard",
        "email": "orci.luctus.et@posuere.com",
        "programme": "Computer Science",
        "courses": [
            "Calculus",
            "Algorithms",
            "Software Development",
            "Ethics"
        ]
    },
    {
        "id": 44,
        "firstName": "Cedric",
        "lastName": "Zeus",
        "email": "Quisque.tincidunt@nullaanteiaculis.co.uk",
        "programme": "Law",
        "courses": [
            "Criminal Law",
            "Constitutional Law",
            "Property Law",
            "Contracts"
        ]
    },
    {
        "id": 45,
        "firstName": "Boris",
        "lastName": "Kato",
        "email": "dictum@tortorInteger.org",
        "programme": "Medicine",
        "courses": [
            "Anatomy",
            "Biochemistry",
            "Genetics",
            "Human Behavior."
        ]
    },
    {
        "id": 46,
        "firstName": "Walter",
        "lastName": "Phelan",
        "email": "diam@nectellusNunc.edu",
        "programme": "Law",
        "courses": [
            "Criminal Law",
            "Constitutional Law",
            "Property Law",
            "Contracts"
        ]
    },
    {
        "id": 47,
        "firstName": "Preston",
        "lastName": "Branden",
        "email": "sagittis.semper@urnaNullam.net",
        "programme": "Criminology",
        "courses": [
            "Criminal Mind",
            "Gender, Crime and Justice ",
            "Philosophy of Law "
        ]
    },
    {
        "id": 48,
        "firstName": "Kane",
        "lastName": "Alec",
        "email": "dignissim.Maecenas.ornare@adui.edu",
        "programme": "Law",
        "courses": [
            "Criminal Law",
            "Constitutional Law",
            "Property Law",
            "Contracts"
        ]
    },
    {
        "id": 49,
        "firstName": "Igor",
        "lastName": "Ezra",
        "email": "cursus.non.egestas@laciniaorci.net",
        "programme": "Criminology",
        "courses": [
            "Criminal Mind",
            "Gender, Crime and Justice ",
            "Philosophy of Law "
        ]
    },
    {
        "id": 50,
        "firstName": "Yoshio",
        "lastName": "Kato",
        "email": "Vivamus.rhoncus@semutcursus.ca",
        "programme": "Disaster Management",
        "courses": [
            "Disaster Preparedness"
        ]
    },
    {
        "id": 51,
        "firstName": "Fletcher",
        "lastName": "Vance",
        "email": "orci.lacus@hendreritDonecporttitor.net",
        "programme": "Computer Science",
        "courses": [
            "Calculus",
            "Algorithms",
            "Software Development",
            "Ethics"
        ]
    },
    {
        "id": 52,
        "firstName": "Burton",
        "lastName": "Merrill",
        "email": "mauris@malesuada.ca",
        "programme": "Law",
        "courses": [
            "Criminal Law",
            "Constitutional Law",
            "Property Law",
            "Contracts"
        ]
    },
    {
        "id": 53,
        "firstName": "Rafael",
        "lastName": "Vladimir",
        "email": "mauris.ipsum.porta@sit.ca",
        "programme": "Law",
        "courses": [
            "Criminal Law",
            "Constitutional Law",
            "Property Law",
            "Contracts"
        ]
    },
    {
        "id": 54,
        "firstName": "Dolan",
        "lastName": "Hyatt",
        "email": "augue.malesuada@Pellentesqueut.net",
        "programme": "Computer Science",
        "courses": [
            "Calculus",
            "Algorithms",
            "Software Development",
            "Ethics"
        ]
    },
    {
        "id": 55,
        "firstName": "Driscoll",
        "lastName": "Russell",
        "email": "Lorem.ipsum.dolor@eu.co.uk",
        "programme": "Computer Science",
        "courses": [
            "Calculus",
            "Algorithms",
            "Software Development",
            "Ethics"
        ]
    },
    {
        "id": 56,
        "firstName": "Boris",
        "lastName": "Dexter",
        "email": "purus@mollis.co.uk",
        "programme": "Law",
        "courses": [
            "Criminal Law",
            "Constitutional Law",
            "Property Law",
            "Contracts"
        ]
    },
    {
        "id": 57,
        "firstName": "Maxwell",
        "lastName": "Tarik",
        "email": "pharetra.Quisque.ac@facilisisSuspendisse.edu",
        "programme": "Criminology",
        "courses": [
            "Criminal Mind",
            "Gender, Crime and Justice ",
            "Philosophy of Law "
        ]
    },
    {
        "id": 58,
        "firstName": "Nero",
        "lastName": "Ulysses",
        "email": "inceptos.hymenaeos.Mauris@Proin.edu",
        "programme": "Financial Analysis",
        "courses": [
            "Accounting",
            "Statistics"
        ]
    },
    {
        "id": 59,
        "firstName": "Chase",
        "lastName": "Laith",
        "email": "ridiculus.mus.Donec@netus.org",
        "programme": "Mechanical Engineering",
        "courses": [
            "Machine Element Design",
            "Engineering Analysis I",
            "Calculus & Linear Algebra I "
        ]
    },
    {
        "id": 60,
        "firstName": "Dominic",
        "lastName": "Malcolm",
        "email": "mi.felis.adipiscing@liberoettristique.edu",
        "programme": "Criminology",
        "courses": [
            "Criminal Mind",
            "Gender, Crime and Justice ",
            "Philosophy of Law "
        ]
    },
    {
        "id": 61,
        "firstName": "Ross",
        "lastName": "Hedley",
        "email": "Ut.tincidunt.vehicula@nuncidenim.edu",
        "programme": "Criminology",
        "courses": [
            "Criminal Mind",
            "Gender, Crime and Justice ",
            "Philosophy of Law "
        ]
    },
    {
        "id": 62,
        "firstName": "Abel",
        "lastName": "Garrett",
        "email": "rhoncus@sociisnatoquepenatibus.ca",
        "programme": "Financial Analysis",
        "courses": [
            "Accounting",
            "Statistics"
        ]
    },
    {
        "id": 63,
        "firstName": "Nero",
        "lastName": "Clarke",
        "email": "eget.metus.In@disparturientmontes.org",
        "programme": "Computer Science",
        "courses": [
            "Calculus",
            "Algorithms",
            "Software Development",
            "Ethics"
        ]
    },
    {
        "id": 64,
        "firstName": "Thane",
        "lastName": "Carl",
        "email": "ut.nulla@netuset.co.uk",
        "programme": "Criminology",
        "courses": [
            "Criminal Mind",
            "Gender, Crime and Justice ",
            "Philosophy of Law "
        ]
    },
    {
        "id": 65,
        "firstName": "Jerome",
        "lastName": "Jackson",
        "email": "ac.turpis@facilisislorem.net",
        "programme": "Computer Science",
        "courses": [
            "Calculus",
            "Algorithms",
            "Software Development",
            "Ethics"
        ]
    },
    {
        "id": 66,
        "firstName": "Tate",
        "lastName": "Martin",
        "email": "ante.blandit@semeget.org",
        "programme": "Law",
        "courses": [
            "Criminal Law",
            "Constitutional Law",
            "Property Law",
            "Contracts"
        ]
    },
    {
        "id": 67,
        "firstName": "Caldwell",
        "lastName": "Daniel",
        "email": "lobortis@nequevenenatislacus.net",
        "programme": "Medicine",
        "courses": [
            "Anatomy",
            "Biochemistry",
            "Genetics",
            "Human Behavior."
        ]
    },
    {
        "id": 68,
        "firstName": "Lucian",
        "lastName": "Holmes",
        "email": "Cras@lorem.org",
        "programme": "Medicine",
        "courses": [
            "Anatomy",
            "Biochemistry",
            "Genetics",
            "Human Behavior."
        ]
    },
    {
        "id": 69,
        "firstName": "Akeem",
        "lastName": "Herrod",
        "email": "vel.venenatis@Nullamvelit.com",
        "programme": "Disaster Management",
        "courses": [
            "Disaster Preparedness"
        ]
    },
    {
        "id": 70,
        "firstName": "Vance",
        "lastName": "Colin",
        "email": "quam.vel.sapien@vellectusCum.org",
        "programme": "Disaster Management",
        "courses": [
            "Disaster Preparedness"
        ]
    },
    {
        "id": 71,
        "firstName": "Austin",
        "lastName": "Jelani",
        "email": "Nulla@nuncid.net",
        "programme": "Medicine",
        "courses": [
            "Anatomy",
            "Biochemistry",
            "Genetics",
            "Human Behavior."
        ]
    },
    {
        "id": 72,
        "firstName": "Jackson",
        "lastName": "Honorato",
        "email": "In@vestibulumlorem.com",
        "programme": "Criminology",
        "courses": [
            "Criminal Mind",
            "Gender, Crime and Justice ",
            "Philosophy of Law "
        ]
    },
    {
        "id": 73,
        "firstName": "Lee",
        "lastName": "Acton",
        "email": "rutrum@mattis.org",
        "programme": "Mechanical Engineering",
        "courses": [
            "Machine Element Design",
            "Engineering Analysis I",
            "Calculus & Linear Algebra I "
        ]
    },
    {
        "id": 74,
        "firstName": "Aquila",
        "lastName": "Sylvester",
        "email": "Aliquam.ultrices.iaculis@duiquisaccumsan.co.uk",
        "programme": "Criminology",
        "courses": [
            "Criminal Mind",
            "Gender, Crime and Justice ",
            "Philosophy of Law "
        ]
    },
    {
        "id": 75,
        "firstName": "Baker",
        "lastName": "Cairo",
        "email": "fermentum@diam.com",
        "programme": "Financial Analysis",
        "courses": [
            "Accounting",
            "Statistics"
        ]
    },
    {
        "id": 76,
        "firstName": "Samuel",
        "lastName": "Kibo",
        "email": "semper@enimcommodohendrerit.co.uk",
        "programme": "Criminology",
        "courses": [
            "Criminal Mind",
            "Gender, Crime and Justice ",
            "Philosophy of Law "
        ]
    },
    {
        "id": 77,
        "firstName": "Byron",
        "lastName": "Warren",
        "email": "enim.Etiam.imperdiet@sitamet.ca",
        "programme": "Mechanical Engineering",
        "courses": [
            "Machine Element Design",
            "Engineering Analysis I",
            "Calculus & Linear Algebra I "
        ]
    },
    {
        "id": 78,
        "firstName": "Declan",
        "lastName": "Barclay",
        "email": "Proin.nisl.sem@Aliquamnecenim.org",
        "programme": "Mechanical Engineering",
        "courses": [
            "Machine Element Design",
            "Engineering Analysis I",
            "Calculus & Linear Algebra I "
        ]
    },
    {
        "id": 79,
        "firstName": "Robert",
        "lastName": "Cullen",
        "email": "in.dolor@pede.co.uk",
        "programme": "Disaster Management",
        "courses": [
            "Disaster Preparedness"
        ]
    },
    {
        "id": 80,
        "firstName": "Troy",
        "lastName": "Simon",
        "email": "Cras.vulputate.velit@ornare.org",
        "programme": "Criminology",
        "courses": [
            "Criminal Mind",
            "Gender, Crime and Justice ",
            "Philosophy of Law "
        ]
    },
    {
        "id": 81,
        "firstName": "Tiger",
        "lastName": "Wylie",
        "email": "risus.quis.diam@Proin.ca",
        "programme": "Disaster Management",
        "courses": [
            "Disaster Preparedness"
        ]
    },
    {
        "id": 82,
        "firstName": "Herrod",
        "lastName": "Adam",
        "email": "hendrerit.neque@a.co.uk",
        "programme": "Medicine",
        "courses": [
            "Anatomy",
            "Biochemistry",
            "Genetics",
            "Human Behavior."
        ]
    },
    {
        "id": 83,
        "firstName": "Yuli",
        "lastName": "Griffin",
        "email": "ipsum.non@vitae.co.uk",
        "programme": "Criminology",
        "courses": [
            "Criminal Mind",
            "Gender, Crime and Justice ",
            "Philosophy of Law "
        ]
    },
    {
        "id": 84,
        "firstName": "Chancellor",
        "lastName": "Ali",
        "email": "ultrices@Nullam.net",
        "programme": "Medicine",
        "courses": [
            "Anatomy",
            "Biochemistry",
            "Genetics",
            "Human Behavior."
        ]
    },
    {
        "id": 85,
        "firstName": "Charles",
        "lastName": "Randall",
        "email": "ipsum.porta.elit@morbitristique.net",
        "programme": "Law",
        "courses": [
            "Criminal Law",
            "Constitutional Law",
            "Property Law",
            "Contracts"
        ]
    },
    {
        "id": 86,
        "firstName": "Lucius",
        "lastName": "Gage",
        "email": "auctor.vitae.aliquet@parturient.org",
        "programme": "Disaster Management",
        "courses": [
            "Disaster Preparedness"
        ]
    },
    {
        "id": 87,
        "firstName": "Richard",
        "lastName": "Dane",
        "email": "Nulla.eget@musDonecdignissim.co.uk",
        "programme": "Mechanical Engineering",
        "courses": [
            "Machine Element Design",
            "Engineering Analysis I",
            "Calculus & Linear Algebra I "
        ]
    },
    {
        "id": 88,
        "firstName": "Addison",
        "lastName": "Jermaine",
        "email": "est.Mauris@et.co.uk",
        "programme": "Disaster Management",
        "courses": [
            "Disaster Preparedness"
        ]
    },
    {
        "id": 89,
        "firstName": "Acton",
        "lastName": "Elliott",
        "email": "sem.eget@posuerecubiliaCurae.ca",
        "programme": "Medicine",
        "courses": [
            "Anatomy",
            "Biochemistry",
            "Genetics",
            "Human Behavior."
        ]
    },
    {
        "id": 90,
        "firstName": "Channing",
        "lastName": "Howard",
        "email": "est.congue@velit.com",
        "programme": "Medicine",
        "courses": [
            "Anatomy",
            "Biochemistry",
            "Genetics",
            "Human Behavior."
        ]
    },
    {
        "id": 91,
        "firstName": "Darius",
        "lastName": "Nehru",
        "email": "risus.varius.orci@sitamet.edu",
        "programme": "Medicine",
        "courses": [
            "Anatomy",
            "Biochemistry",
            "Genetics",
            "Human Behavior."
        ]
    },
    {
        "id": 92,
        "firstName": "Walter",
        "lastName": "Arsenio",
        "email": "a.ultricies@duiFusce.edu",
        "programme": "Financial Analysis",
        "courses": [
            "Accounting",
            "Statistics"
        ]
    },
    {
        "id": 93,
        "firstName": "Dieter",
        "lastName": "Matthew",
        "email": "a@pretium.ca",
        "programme": "Mechanical Engineering",
        "courses": [
            "Machine Element Design",
            "Engineering Analysis I",
            "Calculus & Linear Algebra I "
        ]
    },
    {
        "id": 94,
        "firstName": "Evan",
        "lastName": "Yoshio",
        "email": "sapien.gravida.non@noncursus.com",
        "programme": "Financial Analysis",
        "courses": [
            "Accounting",
            "Statistics"
        ]
    },
    {
        "id": 95,
        "firstName": "Hamilton",
        "lastName": "Dennis",
        "email": "luctus.lobortis@nonbibendumsed.com",
        "programme": "Mechanical Engineering",
        "courses": [
            "Machine Element Design",
            "Engineering Analysis I",
            "Calculus & Linear Algebra I "
        ]
    },
    {
        "id": 96,
        "firstName": "Gavin",
        "lastName": "Driscoll",
        "email": "lacinia.mattis@risusDonec.net",
        "programme": "Medicine",
        "courses": [
            "Anatomy",
            "Biochemistry",
            "Genetics",
            "Human Behavior."
        ]
    },
    {
        "id": 97,
        "firstName": "Brendan",
        "lastName": "Allistair",
        "email": "Nunc.laoreet@Sed.ca",
        "programme": "Computer Science",
        "courses": [
            "Calculus",
            "Algorithms",
            "Software Development",
            "Ethics"
        ]
    },
    {
        "id": 98,
        "firstName": "Gary",
        "lastName": "Robert",
        "email": "molestie@vitaesemper.ca",
        "programme": "Computer Science",
        "courses": [
            "Calculus",
            "Algorithms",
            "Software Development",
            "Ethics"
        ]
    },
    {
        "id": 99,
        "firstName": "Fletcher",
        "lastName": "Brenden",
        "email": "semper@nequesed.co.uk",
        "programme": "Computer Science",
        "courses": [
            "Calculus",
            "Algorithms",
            "Software Development",
            "Ethics"
        ]
    },
    {
        "id": 100,
        "firstName": "Oscar",
        "lastName": "Barclay",
        "email": "non.ante.bibendum@risusDonecegestas.edu",
        "programme": "Mechanical Engineering",
        "courses": [
            "Machine Element Design",
            "Engineering Analysis I",
            "Calculus & Linear Algebra I "
        ]
    },
    {
        "id": 101,
        "firstName": "Karson",
        "lastName": "Tran",
        "email": "KarsonTran_49882@gmail.com",
        "programme": "ComputerScience",
        "courses": [
            "JAVA",
            "Selenium"
        ]
    },
    {
        "id": 102,
        "firstName": "Karson",
        "lastName": "Tran",
        "email": "KarsonTran_83295@gmail.com",
        "programme": "ComputerScience",
        "courses": [
            "JAVA",
            "Selenium"
        ]
    },
    {
        "id": 103,
        "firstName": "Karson",
        "lastName": "Tran",
        "email": "KarsonTran_5083@gmail.com",
        "programme": "ComputerScience",
        "courses": [
            "JAVA",
            "Selenium"
        ]
    },
    {
        "id": 104,
        "firstName": "Karson",
        "lastName": "Tran",
        "email": "KarsonTran_47858@gmail.com",
        "programme": "ComputerScience",
        "courses": [
            "JAVA",
            "Selenium"
        ]
    },
    {
        "id": 105,
        "firstName": "Karson",
        "lastName": "Tran",
        "email": "KarsonTran_75739@gmail.com",
        "programme": "ComputerScience",
        "courses": [
            "JAVA",
            "Selenium"
        ]
    },
    {
        "id": 107,
        "firstName": "Karson",
        "lastName": "Tran",
        "email": "KarsonTran_53696@gmail.com",
        "programme": "ComputerScience",
        "courses": [
            "JAVA",
            "Selenium"
        ]
    },
    {
        "id": 109,
        "firstName": "Karson",
        "lastName": "Tran",
        "email": "KarsonTran_41762@gmail.com",
        "programme": "ComputerScience",
        "courses": [
            "JAVA",
            "Selenium"
        ]
    },
    {
        "id": 111,
        "firstName": "Karson",
        "lastName": "Tran",
        "email": "KarsonTran_32365@gmail.com",
        "programme": "ComputerScience",
        "courses": [
            "JAVA",
            "Selenium"
        ]
    },
    {
        "id": 112,
        "firstName": "Karson",
        "lastName": "Tran",
        "email": "KarsonTran_55721@gmail.com",
        "programme": "ComputerScience",
        "courses": [
            "JAVA",
            "Selenium"
        ]
    },
    {
        "id": 114,
        "firstName": "Karson",
        "lastName": "Tran",
        "email": "KarsonTran_99433@gmail.com",
        "programme": "ComputerScience",
        "courses": [
            "JAVA",
            "Selenium"
        ]
    },
    {
        "id": 115,
        "firstName": "Karson-Updated",
        "lastName": "Tran",
        "email": "KarsonTran_89630@gmail.com",
        "programme": "ComputerScience",
        "courses": [
            "JAVA",
            "Selenium",
            "Design Pattern"
        ]
    },
    {
        "id": 120,
        "firstName": "Karson",
        "lastName": "Tran",
        "email": "KarsonTran_21203@gmail.com",
        "programme": "ComputerScience",
        "courses": [
            "JAVA",
            "Selenium"
        ]
    },
    {
        "id": 121,
        "firstName": "Karson-Updated",
        "lastName": "Tran",
        "email": "KarsonTran_21988@gmail.com",
        "programme": "ComputerScience",
        "courses": [
            "JAVA",
            "Selenium",
            "Design Pattern"
        ]
    },
    {
        "id": 135,
        "firstName": "Karson",
        "lastName": "Tran",
        "email": "KarsonTran_29969@gmail.com",
        "programme": "ComputerScience",
        "courses": [
            "JAVA",
            "Selenium"
        ]
    },
    {
        "id": 136,
        "firstName": "Karson-Updated",
        "lastName": "Tran",
        "email": "KarsonTran_65785@gmail.com",
        "programme": "ComputerScience",
        "courses": [
            "JAVA",
            "Selenium",
            "Design Pattern"
        ]
    },
    {
        "id": 140,
        "firstName": "Karson",
        "lastName": "Tran",
        "email": "KarsonTran_44450@gmail.com",
        "programme": "ComputerScience",
        "courses": [
            "JAVA",
            "Selenium"
        ]
    }
]
Request method:	DELETE
Request URI:	http://localhost:8081/student/140
Proxy:			<none>
Request params:	<none>
Query params:	<none>
Form params:	<none>
Path params:	<none>
Headers:		Accept=*/*
Cookies:		<none>
Multiparts:		<none>
Body:			<none>
HTTP/1.1 204 
Date: Sat, 10 Jul 2021 14:43:50 GMT
Request method:	GET
Request URI:	http://localhost:8081/student/140
Proxy:			<none>
Request params:	<none>
Query params:	<none>
Form params:	<none>
Path params:	<none>
Headers:		Accept=*/*
Cookies:		<none>
Multiparts:		<none>
Body:			<none>
HTTP/1.1 404 
Content-Type: application/json;charset=UTF-8
Transfer-Encoding: chunked
Date: Sat, 10 Jul 2021 14:43:50 GMT

{
    "error": "Not Found!"
}
]]></system-out>
    <system-err><![CDATA[[pool-2-thread-1] INFO  - Test Suite Started: Delete student test
[pool-2-thread-1] INFO  - 
  _____   ___   ___   _____     ___   _____     _     ___   _____   ___   ___  
 |_   _| | __| / __| |_   _|   / __| |_   _|   /_\   | _ \ |_   _| | __| |   \ 
   | |   | _|  \__ \   | |     \__ \   | |    / _ \  |   /   | |   | _|  | |) |
   |_|   |___| |___/   |_|     |___/   |_|   /_/ \_\ |_|_\   |_|   |___| |___/ 

validateDeleteExistingStudentSuccessfully
--------------------------------------------------------------------------------
[pool-2-thread-1] INFO net.serenitybdd.rest.decorators.request.RequestSpecificationDecorated - No BaseStepListener, POST / not registered.
]]></system-err>
  </testcase>
</testsuite>